<?xml version="1.0" encoding="UTF-8"?>
<testng-results skipped="0" failed="1" ignored="3" total="5" passed="1">
  <reporter-output>
  </reporter-output>
  <suite name="Default suite" duration-ms="39575" started-at="2017-05-29T04:24:31Z" finished-at="2017-05-29T04:25:11Z">
    <groups>
    </groups>
    <test name="Default test" duration-ms="39575" started-at="2017-05-29T04:24:31Z" finished-at="2017-05-29T04:25:11Z">
      <class name="com.amazon.FBtestNG">
        <test-method status="PASS" signature="Open_facebook()[pri:0, instance:com.amazon.FBtestNG@6d8a00e3]" name="Open_facebook" is-config="true" duration-ms="8318" started-at="2017-05-29T09:54:31Z" finished-at="2017-05-29T09:54:39Z">
          <reporter-output>
          </reporter-output>
        </test-method> <!-- Open_facebook -->
        <test-method status="PASS" signature="page_refrsh()[pri:0, instance:com.amazon.FBtestNG@6d8a00e3]" name="page_refrsh" is-config="true" duration-ms="5001" started-at="2017-05-29T09:54:39Z" finished-at="2017-05-29T09:54:44Z">
          <reporter-output>
          </reporter-output>
        </test-method> <!-- page_refrsh -->
        <test-method status="PASS" signature="login()[pri:0, instance:com.amazon.FBtestNG@6d8a00e3]" name="login" duration-ms="1058" started-at="2017-05-29T09:54:44Z" finished-at="2017-05-29T09:54:46Z">
          <reporter-output>
          </reporter-output>
        </test-method> <!-- login -->
        <test-method status="PASS" signature="page_refrsh()[pri:0, instance:com.amazon.FBtestNG@6d8a00e3]" name="page_refrsh" is-config="true" duration-ms="5001" started-at="2017-05-29T09:54:46Z" finished-at="2017-05-29T09:54:51Z">
          <reporter-output>
          </reporter-output>
        </test-method> <!-- page_refrsh -->
        <test-method status="FAIL" signature="newpost()[pri:1, instance:com.amazon.FBtestNG@6d8a00e3]" name="newpost" duration-ms="20155" started-at="2017-05-29T09:54:51Z" finished-at="2017-05-29T09:55:11Z">
          <exception class="org.openqa.selenium.TimeoutException">
            <message>
              <![CDATA[Expected condition failed: waiting for visibility of element located by By.xpath: //div[@class='_1mf _1mj'] (tried for 20 second(s) with 500 MILLISECONDS interval)]]>
            </message>
            <full-stacktrace>
              <![CDATA[org.openqa.selenium.TimeoutException: Expected condition failed: waiting for visibility of element located by By.xpath: //div[@class='_1mf _1mj'] (tried for 20 second(s) with 500 MILLISECONDS interval)
	at org.openqa.selenium.support.ui.WebDriverWait.timeoutException(WebDriverWait.java:80)
	at org.openqa.selenium.support.ui.FluentWait.until(FluentWait.java:232)
	at com.amazon.FBtestNG.newpost(FBtestNG.java:82)
	at sun.reflect.NativeMethodAccessorImpl.invoke0(Native Method)
	at sun.reflect.NativeMethodAccessorImpl.invoke(Unknown Source)
	at sun.reflect.DelegatingMethodAccessorImpl.invoke(Unknown Source)
	at java.lang.reflect.Method.invoke(Unknown Source)
	at org.testng.internal.MethodInvocationHelper.invokeMethod(MethodInvocationHelper.java:108)
	at org.testng.internal.Invoker.invokeMethod(Invoker.java:661)
	at org.testng.internal.Invoker.invokeTestMethod(Invoker.java:869)
	at org.testng.internal.Invoker.invokeTestMethods(Invoker.java:1193)
	at org.testng.internal.TestMethodWorker.invokeTestMethods(TestMethodWorker.java:126)
	at org.testng.internal.TestMethodWorker.run(TestMethodWorker.java:109)
	at org.testng.TestRunner.privateRun(TestRunner.java:744)
	at org.testng.TestRunner.run(TestRunner.java:602)
	at org.testng.SuiteRunner.runTest(SuiteRunner.java:380)
	at org.testng.SuiteRunner.runSequentially(SuiteRunner.java:375)
	at org.testng.SuiteRunner.privateRun(SuiteRunner.java:340)
	at org.testng.SuiteRunner.run(SuiteRunner.java:289)
	at org.testng.SuiteRunnerWorker.runSuite(SuiteRunnerWorker.java:52)
	at org.testng.SuiteRunnerWorker.run(SuiteRunnerWorker.java:86)
	at org.testng.TestNG.runSuitesSequentially(TestNG.java:1301)
	at org.testng.TestNG.runSuitesLocally(TestNG.java:1226)
	at org.testng.TestNG.runSuites(TestNG.java:1144)
	at org.testng.TestNG.run(TestNG.java:1115)
	at org.testng.remote.AbstractRemoteTestNG.run(AbstractRemoteTestNG.java:132)
	at org.testng.remote.RemoteTestNG.initAndRun(RemoteTestNG.java:230)
	at org.testng.remote.RemoteTestNG.main(RemoteTestNG.java:76)
Caused by: org.openqa.selenium.NoSuchElementException: Cannot locate an element using By.xpath: //div[@class='_1mf _1mj']
For documentation on this error, please visit: http://seleniumhq.org/exceptions/no_such_element.html
Build info: version: '3.4.0', revision: 'unknown', time: 'unknown'
System info: host: 'WV621', ip: '192.168.5.62', os.name: 'Windows 10', os.arch: 'amd64', os.version: '10.0', java.version: '1.8.0_131'
Driver info: driver.version: unknown
	at org.openqa.selenium.support.ui.ExpectedConditions.lambda$findElement$0(ExpectedConditions.java:883)
	at java.util.Optional.orElseThrow(Unknown Source)
	at org.openqa.selenium.support.ui.ExpectedConditions.findElement(ExpectedConditions.java:882)
	at org.openqa.selenium.support.ui.ExpectedConditions.access$000(ExpectedConditions.java:44)
	at org.openqa.selenium.support.ui.ExpectedConditions$7.apply(ExpectedConditions.java:206)
	at org.openqa.selenium.support.ui.ExpectedConditions$7.apply(ExpectedConditions.java:202)
	at org.openqa.selenium.support.ui.FluentWait.until(FluentWait.java:209)
	... 26 more
]]>
            </full-stacktrace>
          </exception> <!-- org.openqa.selenium.TimeoutException -->
          <reporter-output>
          </reporter-output>
        </test-method> <!-- newpost -->
      </class> <!-- com.amazon.FBtestNG -->
    </test> <!-- Default test -->
  </suite> <!-- Default suite -->
</testng-results>
