<?xml version="1.0" encoding="UTF-8"?>
<!-- Generated by org.testng.reporters.JUnitXMLReporter -->
<testsuite hostname="WV619" name="Demo3" tests="1" failures="1" timestamp="17 Oct 2016 10:14:25 GMT" time="77.039" errors="0">
  <testcase name="Cart_Page_Function" time="65.972" classname="TestCases.CartPage_12398_04">
    <failure type="java.lang.AssertionError" message="expected [true] but found [false]">
      <![CDATA[java.lang.AssertionError: expected [true] but found [false]
	at PageObjects.CartPageModule.cartpage(CartPageModule.java:95)
	at TestCases.CartPage_12398_04.Cart_Page_Function(CartPage_12398_04.java:22)
... Removed 28 stack frames]]>
    </failure>
  </testcase> <!-- Cart_Page_Function -->
</testsuite> <!-- Demo3 -->
