<?xml version="1.0" encoding="UTF-8"?>
<testng-results skipped="0" failed="1" total="1" passed="0">
  <reporter-output>
  </reporter-output>
  <suite name="Default suite" duration-ms="91271" started-at="2017-01-13T10:12:40Z" finished-at="2017-01-13T10:14:11Z">
    <groups>
    </groups>
    <test name="Default test" duration-ms="91271" started-at="2017-01-13T10:12:40Z" finished-at="2017-01-13T10:14:11Z">
      <class name="TestCases.AddToWishlist">
        <test-method status="PASS" signature="extentSetup(org.testng.ITestContext)[pri:0, instance:TestCases.AddToWishlist@98f0b11]" name="extentSetup" is-config="true" duration-ms="178" started-at="2017-01-13T15:42:40Z" finished-at="2017-01-13T15:42:40Z">
          <params>
            <param index="0">
              <value>
                <![CDATA[org.testng.TestRunner@33c4d60b]]>
              </value>
            </param>
          </params>
          <reporter-output>
          </reporter-output>
        </test-method> <!-- extentSetup -->
        <test-method status="PASS" signature="initializeTestBaseSetup(java.lang.reflect.Method)[pri:0, instance:TestCases.AddToWishlist@98f0b11]" name="initializeTestBaseSetup" is-config="true" duration-ms="33411" started-at="2017-01-13T15:42:40Z" finished-at="2017-01-13T15:43:13Z">
          <params>
            <param index="0">
              <value>
                <![CDATA[public void TestCases.AddToWishlist.verifyAddToWishlistMenuWithLogin()]]>
              </value>
            </param>
          </params>
          <reporter-output>
          </reporter-output>
        </test-method> <!-- initializeTestBaseSetup -->
        <test-method status="FAIL" signature="verifyAddToWishlistMenuWithLogin()[pri:0, instance:TestCases.AddToWishlist@98f0b11]" name="verifyAddToWishlistMenuWithLogin" duration-ms="50052" started-at="2017-01-13T15:43:13Z" finished-at="2017-01-13T15:44:03Z">
          <exception class="org.openqa.selenium.NoSuchElementException">
            <message>
              <![CDATA[no such element: Unable to locate element: {"method":"xpath","selector":"//div[@class='product-meta twelve']/div[2]/button[@class='home_button wishlist-warp wishlist_prod addFav']"}
  (Session info: chrome=55.0.2883.91)
  (Driver info: chromedriver=2.25.426923 (0390b88869384d6eb0d5d09729679f934aab9eed),platform=Windows NT 10.0.14393 x86_64) (WARNING: The server did not provide any stacktrace information)
Command duration or timeout: 206 milliseconds
For documentation on this error, please visit: http://seleniumhq.org/exceptions/no_such_element.html
Build info: version: '2.53.0', revision: '35ae25b1534ae328c771e0856c93e187490ca824', time: '2016-03-15 10:43:46'
System info: host: 'WV652', ip: '192.168.3.8', os.name: 'Windows 8.1', os.arch: 'amd64', os.version: '6.3', java.version: '1.7.0_75'
*** Element info: {Using=xpath, value=//div[@class='product-meta twelve']/div[2]/button[@class='home_button wishlist-warp wishlist_prod addFav']}
Session ID: b697939ef0fd6688ce0885ba5b51d435
Driver info: org.openqa.selenium.remote.RemoteWebDriver
Capabilities [{platform=ANDROID, acceptSslCerts=true, javascriptEnabled=true, browserName=chrome, chrome={chromedriverVersion=2.25.426923 (0390b88869384d6eb0d5d09729679f934aab9eed)}, rotatable=false, locationContextEnabled=true, mobileEmulationEnabled=false, version=55.0.2883.91, pageLoadStrategy=normal, takesHeapSnapshot=true, databaseEnabled=false, cssSelectorsEnabled=true, handlesAlerts=true, browserConnectionEnabled=false, webStorageEnabled=true, nativeEvents=true, hasTouchScreen=true, applicationCacheEnabled=false, takesScreenshot=true}]]]>
            </message>
            <full-stacktrace>
              <![CDATA[org.openqa.selenium.NoSuchElementException: no such element: Unable to locate element: {"method":"xpath","selector":"//div[@class='product-meta twelve']/div[2]/button[@class='home_button wishlist-warp wishlist_prod addFav']"}
  (Session info: chrome=55.0.2883.91)
  (Driver info: chromedriver=2.25.426923 (0390b88869384d6eb0d5d09729679f934aab9eed),platform=Windows NT 10.0.14393 x86_64) (WARNING: The server did not provide any stacktrace information)
Command duration or timeout: 206 milliseconds
For documentation on this error, please visit: http://seleniumhq.org/exceptions/no_such_element.html
Build info: version: '2.53.0', revision: '35ae25b1534ae328c771e0856c93e187490ca824', time: '2016-03-15 10:43:46'
System info: host: 'WV652', ip: '192.168.3.8', os.name: 'Windows 8.1', os.arch: 'amd64', os.version: '6.3', java.version: '1.7.0_75'
*** Element info: {Using=xpath, value=//div[@class='product-meta twelve']/div[2]/button[@class='home_button wishlist-warp wishlist_prod addFav']}
Session ID: b697939ef0fd6688ce0885ba5b51d435
Driver info: org.openqa.selenium.remote.RemoteWebDriver
Capabilities [{platform=ANDROID, acceptSslCerts=true, javascriptEnabled=true, browserName=chrome, chrome={chromedriverVersion=2.25.426923 (0390b88869384d6eb0d5d09729679f934aab9eed)}, rotatable=false, locationContextEnabled=true, mobileEmulationEnabled=false, version=55.0.2883.91, pageLoadStrategy=normal, takesHeapSnapshot=true, databaseEnabled=false, cssSelectorsEnabled=true, handlesAlerts=true, browserConnectionEnabled=false, webStorageEnabled=true, nativeEvents=true, hasTouchScreen=true, applicationCacheEnabled=false, takesScreenshot=true}]
	at sun.reflect.NativeConstructorAccessorImpl.newInstance0(Native Method)
	at sun.reflect.NativeConstructorAccessorImpl.newInstance(NativeConstructorAccessorImpl.java:57)
	at sun.reflect.DelegatingConstructorAccessorImpl.newInstance(DelegatingConstructorAccessorImpl.java:45)
	at java.lang.reflect.Constructor.newInstance(Constructor.java:526)
	at org.openqa.selenium.remote.ErrorHandler.createThrowable(ErrorHandler.java:206)
	at org.openqa.selenium.remote.ErrorHandler.throwIfResponseFailed(ErrorHandler.java:158)
	at org.openqa.selenium.remote.RemoteWebDriver.execute(RemoteWebDriver.java:678)
	at org.openqa.selenium.remote.RemoteWebDriver.findElement(RemoteWebDriver.java:363)
	at org.openqa.selenium.remote.RemoteWebDriver.findElementByXPath(RemoteWebDriver.java:500)
	at org.openqa.selenium.By$ByXPath.findElement(By.java:361)
	at org.openqa.selenium.remote.RemoteWebDriver.findElement(RemoteWebDriver.java:355)
	at UtilityMobile.utilMobile.clickevent(utilMobile.java:239)
	at PageObjects.LeftNavigationMenu.changeInMenuCount(LeftNavigationMenu.java:74)
	at TestCases.AddToWishlist.verifyAddToWishlistMenuWithLogin(AddToWishlist.java:84)
	at sun.reflect.NativeMethodAccessorImpl.invoke0(Native Method)
	at sun.reflect.NativeMethodAccessorImpl.invoke(NativeMethodAccessorImpl.java:57)
	at sun.reflect.DelegatingMethodAccessorImpl.invoke(DelegatingMethodAccessorImpl.java:43)
	at java.lang.reflect.Method.invoke(Method.java:606)
	at org.testng.internal.MethodInvocationHelper.invokeMethod(MethodInvocationHelper.java:80)
	at org.testng.internal.Invoker.invokeMethod(Invoker.java:714)
	at org.testng.internal.Invoker.invokeTestMethod(Invoker.java:901)
	at org.testng.internal.Invoker.invokeTestMethods(Invoker.java:1231)
	at org.testng.internal.TestMethodWorker.invokeTestMethods(TestMethodWorker.java:127)
	at org.testng.internal.TestMethodWorker.run(TestMethodWorker.java:111)
	at org.testng.TestRunner.privateRun(TestRunner.java:767)
	at org.testng.TestRunner.run(TestRunner.java:617)
	at org.testng.SuiteRunner.runTest(SuiteRunner.java:334)
	at org.testng.SuiteRunner.runSequentially(SuiteRunner.java:329)
	at org.testng.SuiteRunner.privateRun(SuiteRunner.java:291)
	at org.testng.SuiteRunner.run(SuiteRunner.java:240)
	at org.testng.SuiteRunnerWorker.runSuite(SuiteRunnerWorker.java:52)
	at org.testng.SuiteRunnerWorker.run(SuiteRunnerWorker.java:86)
	at org.testng.TestNG.runSuitesSequentially(TestNG.java:1198)
	at org.testng.TestNG.runSuitesLocally(TestNG.java:1123)
	at org.testng.TestNG.run(TestNG.java:1031)
	at org.testng.remote.AbstractRemoteTestNG.run(AbstractRemoteTestNG.java:126)
	at org.testng.remote.RemoteTestNG.initAndRun(RemoteTestNG.java:152)
	at org.testng.remote.RemoteTestNG.main(RemoteTestNG.java:57)
]]>
            </full-stacktrace>
          </exception> <!-- org.openqa.selenium.NoSuchElementException -->
          <reporter-output>
          </reporter-output>
        </test-method> <!-- verifyAddToWishlistMenuWithLogin -->
        <test-method status="PASS" signature="afterEachTestMethod(org.testng.ITestResult)[pri:0, instance:TestCases.AddToWishlist@98f0b11]" name="afterEachTestMethod" is-config="true" duration-ms="7781" started-at="2017-01-13T15:44:03Z" finished-at="2017-01-13T15:44:11Z">
          <params>
            <param index="0">
              <value>
                <![CDATA[[TestResult name=verifyAddToWishlistMenuWithLogin status=FAILURE method=AddToWishlist.verifyAddToWishlistMenuWithLogin()[pri:0, instance:TestCases.AddToWishlist@98f0b11] output={null}]]]>
              </value>
            </param>
          </params>
          <reporter-output>
          </reporter-output>
        </test-method> <!-- afterEachTestMethod -->
        <test-method status="PASS" signature="generateReport()[pri:0, instance:TestCases.AddToWishlist@98f0b11]" name="generateReport" is-config="true" duration-ms="136" started-at="2017-01-13T15:44:11Z" finished-at="2017-01-13T15:44:11Z">
          <reporter-output>
          </reporter-output>
        </test-method> <!-- generateReport -->
      </class> <!-- TestCases.AddToWishlist -->
    </test> <!-- Default test -->
  </suite> <!-- Default suite -->
</testng-results>
