<?xml version="1.0" encoding="UTF-8"?>
<!-- Generated by org.testng.reporters.JUnitXMLReporter -->
<testsuite hostname="WV621" ignored="0" name="smoke test cases by tester" tests="8" failures="2" timestamp="29 May 2017 03:29:41 GMT" time="0.51" errors="0">
  <testcase name="login" time="0.011" classname="com.amazon.TC01"/>
  <testcase name="login1" time="0.232" classname="com.amazon.TC01">
    <failure type="java.lang.IllegalStateException" message="The driver executable does not exist: D:\moebel\seleniumnew\chrdddddomedriver.exe">
      <![CDATA[java.lang.IllegalStateException: The driver executable does not exist: D:\moebel\seleniumnew\chrdddddomedriver.exe
	at com.google.common.base.Preconditions.checkState(Preconditions.java:518)
	at org.openqa.selenium.remote.service.DriverService.checkExecutable(DriverService.java:136)
	at org.openqa.selenium.remote.service.DriverService.findExecutable(DriverService.java:131)
	at org.openqa.selenium.chrome.ChromeDriverService.access$000(ChromeDriverService.java:32)
	at org.openqa.selenium.chrome.ChromeDriverService$Builder.findDefaultExecutable(ChromeDriverService.java:137)
	at org.openqa.selenium.remote.service.DriverService$Builder.build(DriverService.java:330)
	at org.openqa.selenium.chrome.ChromeDriverService.createDefaultService(ChromeDriverService.java:88)
	at org.openqa.selenium.chrome.ChromeDriver.<init>(ChromeDriver.java:124)
	at com.amazon.TC01.login1(TC01.java:25)
... Removed 25 stack frames]]>
    </failure>
  </testcase> <!-- login1 -->
  <testcase name="timeout" time="0.076" classname="com.amazon.TC01"/>
  <testcase name="depends" time="0.0" classname="com.amazon.TC01">
    <skipped/>
  </testcase> <!-- depends -->
  <testcase name="login" time="0.004" classname="com.amazon.TC02"/>
  <testcase name="login1" time="0.002" classname="com.amazon.TC02">
    <failure type="java.lang.IllegalStateException" message="The driver executable does not exist: D:\moebel\seleniumnew\chrdddddomedriver.exe">
      <![CDATA[java.lang.IllegalStateException: The driver executable does not exist: D:\moebel\seleniumnew\chrdddddomedriver.exe
	at com.google.common.base.Preconditions.checkState(Preconditions.java:518)
	at org.openqa.selenium.remote.service.DriverService.checkExecutable(DriverService.java:136)
	at org.openqa.selenium.remote.service.DriverService.findExecutable(DriverService.java:131)
	at org.openqa.selenium.chrome.ChromeDriverService.access$000(ChromeDriverService.java:32)
	at org.openqa.selenium.chrome.ChromeDriverService$Builder.findDefaultExecutable(ChromeDriverService.java:137)
	at org.openqa.selenium.remote.service.DriverService$Builder.build(DriverService.java:330)
	at org.openqa.selenium.chrome.ChromeDriverService.createDefaultService(ChromeDriverService.java:88)
	at org.openqa.selenium.chrome.ChromeDriver.<init>(ChromeDriver.java:124)
	at com.amazon.TC02.login1(TC02.java:25)
... Removed 25 stack frames]]>
    </failure>
  </testcase> <!-- login1 -->
  <testcase name="timeout" time="0.003" classname="com.amazon.TC02"/>
  <testcase name="depends" time="0.0" classname="com.amazon.TC02">
    <skipped/>
  </testcase> <!-- depends -->
</testsuite> <!-- smoke test cases by tester -->
