<!DOCTYPE html PUBLIC "-//W3C//DTD XHTML 1.1//EN" "http://www.w3.org/TR/xhtml11/DTD/xhtml11.dtd">
<html xmlns="http://www.w3.org/1999/xhtml">
<head>
<title>TestNG:  Unit Test</title>
<style type="text/css">
table caption,table.info_table,table.result,table.passed,table.failed {margin-bottom:10px;border:1px solid #000099;border-collapse:collapse;empty-cells:show;}
table.info_table td,table.info_table th,table.result td,table.result th,table.passed td,table.passed th,table.failed td,table.failed th {
border:1px solid #000099;padding:.25em .5em .25em .5em
}
table.result th {vertical-align:bottom}
tr.param th {padding-left:1em;padding-right:1em}
tr.param td {padding-left:.5em;padding-right:2em}
td.numi,th.numi,td.numi_attn {
text-align:right
}
tr.total td {font-weight:bold}
table caption {
text-align:center;font-weight:bold;
}
table.passed tr.stripe td,table tr.passedodd td {background-color: #00AA00;}
table.passed td,table tr.passedeven td {background-color: #33FF33;}
table.passed tr.stripe td,table tr.skippedodd td {background-color: #cccccc;}
table.passed td,table tr.skippedodd td {background-color: #dddddd;}
table.failed tr.stripe td,table tr.failedodd td,table.result td.numi_attn {background-color: #FF3333;}
table.failed td,table tr.failedeven td,table.result tr.stripe td.numi_attn {background-color: #DD0000;}
tr.stripe td,tr.stripe th {background-color: #E6EBF9;}
p.totop {font-size:85%;text-align:center;border-bottom:2px black solid}
div.shootout {padding:2em;border:3px #4854A8 solid}
</style>
</head>
<body>
<table cellspacing="0" cellpadding="0" class="result">
<tr><th>Test</th><th class="numi">Methods<br/>Passed</th><th class="numi">Scenarios<br/>Passed</th><th class="numi"># skipped</th><th class="numi"># failed</th><th class="numi">Total<br/>Time</th><th class="numi">Included<br/>Groups</th><th class="numi">Excluded<br/>Groups</th></tr>
<tr><td style="text-align:left;padding-right:2em">Login</td><td class="numi">0</td><td class="numi">0</td><td class="numi">0</td><td class="numi_attn">1</td><td class="numi">22.6 seconds</td><td class="numi"></td><td class="numi"></td></tr>
<tr class="stripe"><td style="text-align:left;padding-right:2em">Registration</td><td class="numi">0</td><td class="numi">0</td><td class="numi_attn">1</td><td class="numi_attn">1</td><td class="numi">3.8 seconds</td><td class="numi"></td><td class="numi"></td></tr>
<tr class="total"><td>Total</td>
<td class="numi">0</td><td class="numi">0</td><td class="numi_attn">1</td><td class="numi_attn">2</td><td class="numi">26.6 seconds</td><td colspan="2">&nbsp;</td></tr>
</table>
<table cellspacing="0" cellpadding="0" class="passed" id="summary">
<tr><th>Class</th><th>Method</th><th># of<br/>Scenarios</th><th>Start</th><th>Time<br/>(ms)</th></tr>
<tr><th colspan="4">Login &#8212; failed (configuration methods)</th></tr>
<tr class="failedodd"><td rowspan="1">TestCases.Login</td><td><a href="#m1"><b>afterEachTestMethod</b>  </a></td><td class="numi">1</td><td>1492166471973</td><td class="numi">0</td></tr>
<tr><th colspan="4">Login &#8212; failed</th></tr>
<tr class="failedodd"><td rowspan="1">TestCases.Login</td><td><a href="#m2"><b>loginTest</b>  </a></td><td class="numi">1</td><td>1492166471943</td><td class="numi">16</td></tr>
<tr><th colspan="4">Registration &#8212; failed (configuration methods)</th></tr>
<tr class="failedodd"><td rowspan="1">TestCases.Registration</td><td><a href="#m3"><b>afterEachTestMethod</b>  </a></td><td class="numi">1</td><td>1492166476013</td><td class="numi">0</td></tr>
<tr><th colspan="4">Registration &#8212; failed</th></tr>
<tr class="failedodd"><td rowspan="1">TestCases.Registration</td><td><a href="#m4"><b>createAccount</b>  </a></td><td class="numi">1</td><td>1492166476005</td><td class="numi">5</td></tr>
<tr><th colspan="4">Registration &#8212; skipped (configuration methods)</th></tr>
<tr class="skippedodd"><td rowspan="3">TestCases.Registration</td><td><a href="#m5"><b>initializeTestBaseSetup</b>  </a></td><td class="numi">1</td><td>1492166476024</td><td class="numi">0</td></tr><tr class="skippedodd"><td><a href="#m6"><b>afterEachTestMethod</b>  </a></td><td class="numi">1</td><td>1492166476025</td><td class="numi">0</td></tr><tr class="skippedodd"><td><a href="#m7"><b>generateReport</b>  </a></td><td class="numi">1</td><td>1492166476128</td><td class="numi">0</td></tr>
<tr><th colspan="4">Registration &#8212; skipped</th></tr>
<tr class="skippedodd"><td rowspan="1">TestCases.Registration</td><td><a href="#m8"><b>registrationMandatoryFieldsCheck</b>  </a></td><td class="numi">1</td><td>1492166476025</td><td class="numi">0</td></tr>
</table>
<h1>Login</h1>
<h2 id="m1">TestCases.Login:afterEachTestMethod</h2>
<table cellspacing="0" cellpadding="0" class="result">
<tr class="param"><th>Parameter #1</th></tr>
<tr class="param stripe"><td>[TestResult name=loginTest status=FAILURE method=Login.loginTest()[pri:0, instance:TestCases.Login@1e8143d8] output={null}]</td>
</tr>
<tr><td style="padding-left:3em" colspan="1">
<p>null</p>
com.relevantcodes.extentreports.ExtentTest.isPathRelative(ExtentTest.java:491)
<br/>at com.relevantcodes.extentreports.ExtentTest.addScreenCapture(ExtentTest.java:276)
<br/>at UtilityMobile.BaseMobile.afterEachTestMethod(BaseMobile.java:143)
<br/>at sun.reflect.NativeMethodAccessorImpl.invoke0(Native Method)
<br/>at sun.reflect.NativeMethodAccessorImpl.invoke(NativeMethodAccessorImpl.java:57)
<br/>at sun.reflect.DelegatingMethodAccessorImpl.invoke(DelegatingMethodAccessorImpl.java:43)
<br/>at java.lang.reflect.Method.invoke(Method.java:606)
<br/>at org.testng.internal.MethodInvocationHelper.invokeMethod(MethodInvocationHelper.java:80)
<br/>at org.testng.internal.Invoker.invokeConfigurationMethod(Invoker.java:564)
<br/>at org.testng.internal.Invoker.invokeConfigurations(Invoker.java:213)
<br/>at org.testng.internal.Invoker.invokeMethod(Invoker.java:786)
<br/>at org.testng.internal.Invoker.invokeTestMethod(Invoker.java:901)
<br/>at org.testng.internal.Invoker.invokeTestMethods(Invoker.java:1231)
<br/>at org.testng.internal.TestMethodWorker.invokeTestMethods(TestMethodWorker.java:127)
<br/>at org.testng.internal.TestMethodWorker.run(TestMethodWorker.java:111)
<br/>at org.testng.TestRunner.privateRun(TestRunner.java:767)
<br/>at org.testng.TestRunner.run(TestRunner.java:617)
<br/>at org.testng.SuiteRunner.runTest(SuiteRunner.java:334)
<br/>at org.testng.SuiteRunner.runSequentially(SuiteRunner.java:329)
<br/>at org.testng.SuiteRunner.privateRun(SuiteRunner.java:291)
<br/>at org.testng.SuiteRunner.run(SuiteRunner.java:240)
<br/>at org.testng.SuiteRunnerWorker.runSuite(SuiteRunnerWorker.java:52)
<br/>at org.testng.SuiteRunnerWorker.run(SuiteRunnerWorker.java:86)
<br/>at org.testng.TestNG.runSuitesSequentially(TestNG.java:1198)
<br/>at org.testng.TestNG.runSuitesLocally(TestNG.java:1123)
<br/>at org.testng.TestNG.run(TestNG.java:1031)
<br/>at org.apache.maven.surefire.testng.TestNGExecutor.run(TestNGExecutor.java:178)
<br/>at org.apache.maven.surefire.testng.TestNGXmlTestSuite.execute(TestNGXmlTestSuite.java:92)
<br/>at org.apache.maven.surefire.testng.TestNGProvider.invoke(TestNGProvider.java:96)
<br/>at sun.reflect.NativeMethodAccessorImpl.invoke0(Native Method)
<br/>at sun.reflect.NativeMethodAccessorImpl.invoke(NativeMethodAccessorImpl.java:57)
<br/>at sun.reflect.DelegatingMethodAccessorImpl.invoke(DelegatingMethodAccessorImpl.java:43)
<br/>at java.lang.reflect.Method.invoke(Method.java:606)
<br/>at org.apache.maven.surefire.util.ReflectionUtils.invokeMethodWithArray2(ReflectionUtils.java:208)
<br/>at org.apache.maven.surefire.booter.ProviderFactory$ProviderProxy.invoke(ProviderFactory.java:159)
<br/>at org.apache.maven.surefire.booter.ProviderFactory.invokeProvider(ProviderFactory.java:87)
<br/>at org.apache.maven.plugin.surefire.InPluginVMSurefireStarter.runSuitesInProcess(InPluginVMSurefireStarter.java:83)
<br/>at org.apache.maven.plugin.surefire.AbstractSurefireMojo.executeProvider(AbstractSurefireMojo.java:793)
<br/>at org.apache.maven.plugin.surefire.AbstractSurefireMojo.executeAfterPreconditionsChecked(AbstractSurefireMojo.java:703)
<br/>at org.apache.maven.plugin.surefire.AbstractSurefireMojo.execute(AbstractSurefireMojo.java:631)
<br/>at org.apache.maven.plugin.DefaultBuildPluginManager.executeMojo(DefaultBuildPluginManager.java:107)
<br/>at org.apache.maven.lifecycle.internal.MojoExecutor.execute(MojoExecutor.java:209)
<br/>at org.apache.maven.lifecycle.internal.MojoExecutor.execute(MojoExecutor.java:153)
<br/>at org.apache.maven.lifecycle.internal.MojoExecutor.execute(MojoExecutor.java:145)
<br/>at org.apache.maven.lifecycle.internal.LifecycleModuleBuilder.buildProject(LifecycleModuleBuilder.java:84)
<br/>at org.apache.maven.lifecycle.internal.LifecycleModuleBuilder.buildProject(LifecycleModuleBuilder.java:59)
<br/>at org.apache.maven.lifecycle.internal.LifecycleStarter.singleThreadedBuild(LifecycleStarter.java:183)
<br/>at org.apache.maven.lifecycle.internal.LifecycleStarter.execute(LifecycleStarter.java:161)
<br/>at org.apache.maven.DefaultMaven.doExecute(DefaultMaven.java:319)
<br/>at org.apache.maven.DefaultMaven.execute(DefaultMaven.java:156)
<br/>at org.apache.maven.cli.MavenCli.execute(MavenCli.java:534)
<br/>at org.apache.maven.cli.MavenCli.doMain(MavenCli.java:196)
<br/>at org.apache.maven.cli.MavenCli.main(MavenCli.java:141)
<br/>at sun.reflect.NativeMethodAccessorImpl.invoke0(Native Method)
<br/>at sun.reflect.NativeMethodAccessorImpl.invoke(NativeMethodAccessorImpl.java:57)
<br/>at sun.reflect.DelegatingMethodAccessorImpl.invoke(DelegatingMethodAccessorImpl.java:43)
<br/>at java.lang.reflect.Method.invoke(Method.java:606)
<br/>at org.codehaus.plexus.classworlds.launcher.Launcher.launchEnhanced(Launcher.java:290)
<br/>at org.codehaus.plexus.classworlds.launcher.Launcher.launch(Launcher.java:230)
<br/>at org.codehaus.plexus.classworlds.launcher.Launcher.mainWithExitCode(Launcher.java:409)
<br/>at org.codehaus.plexus.classworlds.launcher.Launcher.main(Launcher.java:352)
<br/>1 lines not shown
</td></tr>
</table>
<p class="totop"><a href="#summary">back to summary</a></p>
<h2 id="m2">TestCases.Login:loginTest</h2>
<div style="padding-left:3em">
<p>no such window: target window already closed
from unknown error: web view not found
  (Session info: chrome=57.0.2987.133)
  (Driver info: chromedriver=2.25.426923 (0390b88869384d6eb0d5d09729679f934aab9eed),platform=Windows NT 10.0.14393 x86_64) (WARNING: The server did not provide any stacktrace information)
Command duration or timeout: 7 milliseconds
Build info: version: &apos;2.53.0&apos;, revision: &apos;35ae25b1534ae328c771e0856c93e187490ca824&apos;, time: &apos;2016-03-15 10:43:46&apos;
System info: host: &apos;wv589&apos;, ip: &apos;192.168.5.60&apos;, os.name: &apos;Windows 8.1&apos;, os.arch: &apos;amd64&apos;, os.version: &apos;6.3&apos;, java.version: &apos;1.7.0_75&apos;
*** Element info: {Using=xpath, value=.//*[@id=&apos;header&apos;]/div[1]}
Session ID: 5b8f048d808f0e5e9ac2b29b0c0ba824
Driver info: org.openqa.selenium.chrome.ChromeDriver
Capabilities [{platform=WIN8_1, acceptSslCerts=true, javascriptEnabled=true, browserName=chrome, chrome={userDataDir=C:\Users\Ishan\AppData\Local\Temp\scoped_dir5152_31193, chromedriverVersion=2.25.426923 (0390b88869384d6eb0d5d09729679f934aab9eed)}, networkConnectionEnabled=false, rotatable=false, locationContextEnabled=true, mobileEmulationEnabled=true, version=57.0.2987.133, pageLoadStrategy=normal, takesHeapSnapshot=true, cssSelectorsEnabled=true, databaseEnabled=false, handlesAlerts=true, browserConnectionEnabled=false, webStorageEnabled=true, nativeEvents=true, hasTouchScreen=true, applicationCacheEnabled=false, takesScreenshot=true}]</p>
sun.reflect.NativeConstructorAccessorImpl.newInstance0(Native Method)
<br/>at sun.reflect.NativeConstructorAccessorImpl.newInstance(NativeConstructorAccessorImpl.java:57)
<br/>at sun.reflect.DelegatingConstructorAccessorImpl.newInstance(DelegatingConstructorAccessorImpl.java:45)
<br/>at java.lang.reflect.Constructor.newInstance(Constructor.java:526)
<br/>at org.openqa.selenium.remote.ErrorHandler.createThrowable(ErrorHandler.java:206)
<br/>at org.openqa.selenium.remote.ErrorHandler.throwIfResponseFailed(ErrorHandler.java:158)
<br/>at org.openqa.selenium.remote.RemoteWebDriver.execute(RemoteWebDriver.java:678)
<br/>at org.openqa.selenium.remote.RemoteWebDriver.findElement(RemoteWebDriver.java:363)
<br/>at org.openqa.selenium.remote.RemoteWebDriver.findElementByXPath(RemoteWebDriver.java:500)
<br/>at org.openqa.selenium.By$ByXPath.findElement(By.java:361)
<br/>at org.openqa.selenium.remote.RemoteWebDriver.findElement(RemoteWebDriver.java:355)
<br/>at UtilityMobile.utilMobile.clickevent(utilMobile.java:242)
<br/>at TestCases.Login.loginTest(Login.java:22)
<br/>57 lines not shown
</div>
<p class="totop"><a href="#summary">back to summary</a></p>
<h1>Registration</h1>
<h2 id="m3">TestCases.Registration:afterEachTestMethod</h2>
<table cellspacing="0" cellpadding="0" class="result">
<tr class="param"><th>Parameter #1</th></tr>
<tr class="param stripe"><td>[TestResult name=createAccount status=FAILURE method=Registration.createAccount()[pri:0, instance:TestCases.Registration@438786ae] output={null}]</td>
</tr>
<tr><td style="padding-left:3em" colspan="1">
<p>null</p>
com.relevantcodes.extentreports.ExtentTest.isPathRelative(ExtentTest.java:491)
<br/>at com.relevantcodes.extentreports.ExtentTest.addScreenCapture(ExtentTest.java:276)
<br/>at UtilityMobile.BaseMobile.afterEachTestMethod(BaseMobile.java:143)
<br/>at sun.reflect.NativeMethodAccessorImpl.invoke0(Native Method)
<br/>at sun.reflect.NativeMethodAccessorImpl.invoke(NativeMethodAccessorImpl.java:57)
<br/>at sun.reflect.DelegatingMethodAccessorImpl.invoke(DelegatingMethodAccessorImpl.java:43)
<br/>at java.lang.reflect.Method.invoke(Method.java:606)
<br/>at org.testng.internal.MethodInvocationHelper.invokeMethod(MethodInvocationHelper.java:80)
<br/>at org.testng.internal.Invoker.invokeConfigurationMethod(Invoker.java:564)
<br/>at org.testng.internal.Invoker.invokeConfigurations(Invoker.java:213)
<br/>at org.testng.internal.Invoker.invokeMethod(Invoker.java:786)
<br/>at org.testng.internal.Invoker.invokeTestMethod(Invoker.java:901)
<br/>at org.testng.internal.Invoker.invokeTestMethods(Invoker.java:1231)
<br/>at org.testng.internal.TestMethodWorker.invokeTestMethods(TestMethodWorker.java:127)
<br/>at org.testng.internal.TestMethodWorker.run(TestMethodWorker.java:111)
<br/>at org.testng.TestRunner.privateRun(TestRunner.java:767)
<br/>at org.testng.TestRunner.run(TestRunner.java:617)
<br/>at org.testng.SuiteRunner.runTest(SuiteRunner.java:334)
<br/>at org.testng.SuiteRunner.runSequentially(SuiteRunner.java:329)
<br/>at org.testng.SuiteRunner.privateRun(SuiteRunner.java:291)
<br/>at org.testng.SuiteRunner.run(SuiteRunner.java:240)
<br/>at org.testng.SuiteRunnerWorker.runSuite(SuiteRunnerWorker.java:52)
<br/>at org.testng.SuiteRunnerWorker.run(SuiteRunnerWorker.java:86)
<br/>at org.testng.TestNG.runSuitesSequentially(TestNG.java:1198)
<br/>at org.testng.TestNG.runSuitesLocally(TestNG.java:1123)
<br/>at org.testng.TestNG.run(TestNG.java:1031)
<br/>at org.apache.maven.surefire.testng.TestNGExecutor.run(TestNGExecutor.java:178)
<br/>at org.apache.maven.surefire.testng.TestNGXmlTestSuite.execute(TestNGXmlTestSuite.java:92)
<br/>at org.apache.maven.surefire.testng.TestNGProvider.invoke(TestNGProvider.java:96)
<br/>at sun.reflect.NativeMethodAccessorImpl.invoke0(Native Method)
<br/>at sun.reflect.NativeMethodAccessorImpl.invoke(NativeMethodAccessorImpl.java:57)
<br/>at sun.reflect.DelegatingMethodAccessorImpl.invoke(DelegatingMethodAccessorImpl.java:43)
<br/>at java.lang.reflect.Method.invoke(Method.java:606)
<br/>at org.apache.maven.surefire.util.ReflectionUtils.invokeMethodWithArray2(ReflectionUtils.java:208)
<br/>at org.apache.maven.surefire.booter.ProviderFactory$ProviderProxy.invoke(ProviderFactory.java:159)
<br/>at org.apache.maven.surefire.booter.ProviderFactory.invokeProvider(ProviderFactory.java:87)
<br/>at org.apache.maven.plugin.surefire.InPluginVMSurefireStarter.runSuitesInProcess(InPluginVMSurefireStarter.java:83)
<br/>at org.apache.maven.plugin.surefire.AbstractSurefireMojo.executeProvider(AbstractSurefireMojo.java:793)
<br/>at org.apache.maven.plugin.surefire.AbstractSurefireMojo.executeAfterPreconditionsChecked(AbstractSurefireMojo.java:703)
<br/>at org.apache.maven.plugin.surefire.AbstractSurefireMojo.execute(AbstractSurefireMojo.java:631)
<br/>at org.apache.maven.plugin.DefaultBuildPluginManager.executeMojo(DefaultBuildPluginManager.java:107)
<br/>at org.apache.maven.lifecycle.internal.MojoExecutor.execute(MojoExecutor.java:209)
<br/>at org.apache.maven.lifecycle.internal.MojoExecutor.execute(MojoExecutor.java:153)
<br/>at org.apache.maven.lifecycle.internal.MojoExecutor.execute(MojoExecutor.java:145)
<br/>at org.apache.maven.lifecycle.internal.LifecycleModuleBuilder.buildProject(LifecycleModuleBuilder.java:84)
<br/>at org.apache.maven.lifecycle.internal.LifecycleModuleBuilder.buildProject(LifecycleModuleBuilder.java:59)
<br/>at org.apache.maven.lifecycle.internal.LifecycleStarter.singleThreadedBuild(LifecycleStarter.java:183)
<br/>at org.apache.maven.lifecycle.internal.LifecycleStarter.execute(LifecycleStarter.java:161)
<br/>at org.apache.maven.DefaultMaven.doExecute(DefaultMaven.java:319)
<br/>at org.apache.maven.DefaultMaven.execute(DefaultMaven.java:156)
<br/>at org.apache.maven.cli.MavenCli.execute(MavenCli.java:534)
<br/>at org.apache.maven.cli.MavenCli.doMain(MavenCli.java:196)
<br/>at org.apache.maven.cli.MavenCli.main(MavenCli.java:141)
<br/>at sun.reflect.NativeMethodAccessorImpl.invoke0(Native Method)
<br/>at sun.reflect.NativeMethodAccessorImpl.invoke(NativeMethodAccessorImpl.java:57)
<br/>at sun.reflect.DelegatingMethodAccessorImpl.invoke(DelegatingMethodAccessorImpl.java:43)
<br/>at java.lang.reflect.Method.invoke(Method.java:606)
<br/>at org.codehaus.plexus.classworlds.launcher.Launcher.launchEnhanced(Launcher.java:290)
<br/>at org.codehaus.plexus.classworlds.launcher.Launcher.launch(Launcher.java:230)
<br/>at org.codehaus.plexus.classworlds.launcher.Launcher.mainWithExitCode(Launcher.java:409)
<br/>at org.codehaus.plexus.classworlds.launcher.Launcher.main(Launcher.java:352)
<br/>1 lines not shown
</td></tr>
</table>
<p class="totop"><a href="#summary">back to summary</a></p>
<h2 id="m4">TestCases.Registration:createAccount</h2>
<div style="padding-left:3em">
<p>no such window: target window already closed
from unknown error: web view not found
  (Session info: chrome=57.0.2987.133)
  (Driver info: chromedriver=2.25.426923 (0390b88869384d6eb0d5d09729679f934aab9eed),platform=Windows NT 10.0.14393 x86_64) (WARNING: The server did not provide any stacktrace information)
Command duration or timeout: 5 milliseconds
Build info: version: &apos;2.53.0&apos;, revision: &apos;35ae25b1534ae328c771e0856c93e187490ca824&apos;, time: &apos;2016-03-15 10:43:46&apos;
System info: host: &apos;wv589&apos;, ip: &apos;192.168.5.60&apos;, os.name: &apos;Windows 8.1&apos;, os.arch: &apos;amd64&apos;, os.version: &apos;6.3&apos;, java.version: &apos;1.7.0_75&apos;
*** Element info: {Using=xpath, value=.//*[@id=&apos;header&apos;]/div[1]}
Session ID: 0f08aa73db28262da0b10cf61da01a31
Driver info: org.openqa.selenium.chrome.ChromeDriver
Capabilities [{platform=WIN8_1, acceptSslCerts=true, javascriptEnabled=true, browserName=chrome, chrome={userDataDir=C:\Users\Ishan\AppData\Local\Temp\scoped_dir7328_23446, chromedriverVersion=2.25.426923 (0390b88869384d6eb0d5d09729679f934aab9eed)}, networkConnectionEnabled=false, rotatable=false, locationContextEnabled=true, mobileEmulationEnabled=true, version=57.0.2987.133, pageLoadStrategy=normal, takesHeapSnapshot=true, cssSelectorsEnabled=true, databaseEnabled=false, handlesAlerts=true, browserConnectionEnabled=false, webStorageEnabled=true, nativeEvents=true, hasTouchScreen=true, applicationCacheEnabled=false, takesScreenshot=true}]</p>
sun.reflect.NativeConstructorAccessorImpl.newInstance0(Native Method)
<br/>at sun.reflect.NativeConstructorAccessorImpl.newInstance(NativeConstructorAccessorImpl.java:57)
<br/>at sun.reflect.DelegatingConstructorAccessorImpl.newInstance(DelegatingConstructorAccessorImpl.java:45)
<br/>at java.lang.reflect.Constructor.newInstance(Constructor.java:526)
<br/>at org.openqa.selenium.remote.ErrorHandler.createThrowable(ErrorHandler.java:206)
<br/>at org.openqa.selenium.remote.ErrorHandler.throwIfResponseFailed(ErrorHandler.java:158)
<br/>at org.openqa.selenium.remote.RemoteWebDriver.execute(RemoteWebDriver.java:678)
<br/>at org.openqa.selenium.remote.RemoteWebDriver.findElement(RemoteWebDriver.java:363)
<br/>at org.openqa.selenium.remote.RemoteWebDriver.findElementByXPath(RemoteWebDriver.java:500)
<br/>at org.openqa.selenium.By$ByXPath.findElement(By.java:361)
<br/>at org.openqa.selenium.remote.RemoteWebDriver.findElement(RemoteWebDriver.java:355)
<br/>at UtilityMobile.utilMobile.clickevent(utilMobile.java:242)
<br/>at TestCases.Registration.createAccount(Registration.java:23)
<br/>57 lines not shown
</div>
<p class="totop"><a href="#summary">back to summary</a></p>
<h2 id="m5">TestCases.Registration:generateReport</h2>
<p class="totop"><a href="#summary">back to summary</a></p>
<h2 id="m6">TestCases.Registration:afterEachTestMethod</h2>
<p class="totop"><a href="#summary">back to summary</a></p>
<h2 id="m7">TestCases.Registration:initializeTestBaseSetup</h2>
<p class="totop"><a href="#summary">back to summary</a></p>
<h2 id="m8">TestCases.Registration:registrationMandatoryFieldsCheck</h2>
<p class="totop"><a href="#summary">back to summary</a></p>
</body></html>
